  Compiling CUDA source file kernel.cu...
  
  C:\Users\Avell\Desktop\MESTRADO\PAD\TRABALHO\CUDA\CUDA>"C:\Program Files\NVIDIA GPU Computing Toolkit\CUDA\v10.0\bin\nvcc.exe" -gencode=arch=compute_35,code=\"sm_35,compute_35\" --use-local-env -ccbin "C:\Program Files (x86)\Microsoft Visual Studio 14.0\VC\bin\x86_amd64" -x cu  -I"C:\Program Files\NVIDIA GPU Computing Toolkit\CUDA\v10.0\include" -I"C:\Program Files\NVIDIA GPU Computing Toolkit\CUDA\v10.0\include"     --keep-dir x64\Release -maxrregcount=0  --machine 64 --compile -cudart static     -DWIN32 -DWIN64 -DNDEBUG -D_CONSOLE -D_MBCS -Xcompiler "/EHsc /W3 /nologo /O2 /Fdx64\Release\vc140.pdb /FS /Zi  /MD " -o x64\Release\kernel.cu.obj "C:\Users\Avell\Desktop\MESTRADO\PAD\TRABALHO\CUDA\CUDA\kernel.cu" 
C:\opencvdir\opencv3\install\include\opencv2/stitching/detail/warpers.hpp(213): warning : overloaded virtual function "cv::detail::PlaneWarper::buildMaps" is only partially overridden in class "cv::detail::AffineWarper"
C:\opencvdir\opencv3\install\include\opencv2/stitching/detail/warpers.hpp(213): warning : overloaded virtual function "cv::detail::PlaneWarper::warp" is only partially overridden in class "cv::detail::AffineWarper"
C:\opencvdir\opencv3\install\include\opencv2/videostab/motion_stabilizing.hpp(106): warning : function "cv::videostab::IMotionStabilizer::stabilize(int, const std::vector<cv::Mat, std::allocator<cv::Mat>> &, std::pair<int, int>, cv::Mat *)" is hidden by "cv::videostab::GaussianMotionFilter::stabilize" -- virtual function override intended?
c:\opencvdir\opencv3\install\include\opencv2\flann\lsh_table.h(220): warning : statement is unreachable
c:\opencvdir\opencv3\install\include\opencv2\flann\lsh_table.h(225): warning : statement is unreachable
c:\opencvdir\opencv3\install\include\opencv2\flann\lsh_table.h(234): warning : statement is unreachable
C:\opencvdir\opencv3\install\include\opencv2/stitching/detail/warpers.hpp(213): warning : overloaded virtual function "cv::detail::PlaneWarper::buildMaps" is only partially overridden in class "cv::detail::AffineWarper"
C:\opencvdir\opencv3\install\include\opencv2/stitching/detail/warpers.hpp(213): warning : overloaded virtual function "cv::detail::PlaneWarper::warp" is only partially overridden in class "cv::detail::AffineWarper"
C:\opencvdir\opencv3\install\include\opencv2/videostab/motion_stabilizing.hpp(106): warning : function "cv::videostab::IMotionStabilizer::stabilize(int, const std::vector<cv::Mat, std::allocator<cv::Mat>> &, std::pair<int, int>, cv::Mat *)" is hidden by "cv::videostab::GaussianMotionFilter::stabilize" -- virtual function override intended?
  kernel.cu
C:/Users/Avell/Desktop/MESTRADO/PAD/TRABALHO/CUDA/CUDA/kernel.cu(157): warning C4267: 'initializing': conversion from 'size_t' to 'int', possible loss of data
C:/Users/Avell/Desktop/MESTRADO/PAD/TRABALHO/CUDA/CUDA/kernel.cu(157): warning C4267: 'initializing': conversion from 'size_t' to 'const int', possible loss of data
C:/Users/Avell/Desktop/MESTRADO/PAD/TRABALHO/CUDA/CUDA/kernel.cu(158): warning C4267: 'initializing': conversion from 'size_t' to 'int', possible loss of data
C:/Users/Avell/Desktop/MESTRADO/PAD/TRABALHO/CUDA/CUDA/kernel.cu(158): warning C4267: 'initializing': conversion from 'size_t' to 'const int', possible loss of data
C:/Users/Avell/Desktop/MESTRADO/PAD/TRABALHO/CUDA/CUDA/kernel.cu(176): warning C4267: 'argument': conversion from 'size_t' to 'int', possible loss of data
     Creating library C:\Users\Avell\Desktop\MESTRADO\PAD\TRABALHO\CUDA\x64\Release\CUDA.lib and object C:\Users\Avell\Desktop\MESTRADO\PAD\TRABALHO\CUDA\x64\Release\CUDA.exp
  LINK : /LTCG specified but no code generation required; remove /LTCG from the link command line to improve linker performance
  CUDA.vcxproj -> C:\Users\Avell\Desktop\MESTRADO\PAD\TRABALHO\CUDA\x64\Release\CUDA.exe
  CUDA.vcxproj -> C:\Users\Avell\Desktop\MESTRADO\PAD\TRABALHO\CUDA\x64\Release\CUDA.pdb (Full PDB)
